INFO: localdir at /localscratch/12386812.g.santacatterina
INFO: your job will run on local system.
Loading required package: ChIPseeker

ChIPseeker v1.34.1  For help: https://guangchuangyu.github.io/software/ChIPseeker

If you use ChIPseeker in published research, please cite:
Qianwen Wang, Ming Li, Tianzhi Wu, Li Zhan, Lin Li, Meijun Chen, Wenqin Xie, Zijing Xie, Erqiang Hu, Shuangbin Xu, Guangchuang Yu. Exploring epigenomic datasets by ChIPseeker. Current Protocols 2022, 2(10): e585
Loading required package: TxDb.Hsapiens.UCSC.hg38.knownGene
Loading required package: GenomicFeatures
Loading required package: BiocGenerics

Attaching package: ‘BiocGenerics’

The following objects are masked from ‘package:stats’:

    IQR, mad, sd, var, xtabs

The following objects are masked from ‘package:base’:

    anyDuplicated, aperm, append, as.data.frame, basename, cbind,
    colnames, dirname, do.call, duplicated, eval, evalq, Filter, Find,
    get, grep, grepl, intersect, is.unsorted, lapply, Map, mapply,
    match, mget, order, paste, pmax, pmax.int, pmin, pmin.int,
    Position, rank, rbind, Reduce, rownames, sapply, setdiff, sort,
    table, tapply, union, unique, unsplit, which.max, which.min

Loading required package: S4Vectors
Loading required package: stats4

Attaching package: ‘S4Vectors’

The following objects are masked from ‘package:base’:

    expand.grid, I, unname

Loading required package: IRanges
Loading required package: GenomeInfoDb
Loading required package: GenomicRanges
Loading required package: AnnotationDbi
Loading required package: Biobase
Welcome to Bioconductor

    Vignettes contain introductory material; view with
    'browseVignettes()'. To cite Bioconductor, see
    'citation("Biobase")', and for packages 'citation("pkgname")'.

Loading required package: ggplot2
Loading required package: dplyr

Attaching package: ‘dplyr’

The following object is masked from ‘package:AnnotationDbi’:

    select

The following object is masked from ‘package:Biobase’:

    combine

The following objects are masked from ‘package:GenomicRanges’:

    intersect, setdiff, union

The following object is masked from ‘package:GenomeInfoDb’:

    intersect

The following objects are masked from ‘package:IRanges’:

    collapse, desc, intersect, setdiff, slice, union

The following objects are masked from ‘package:S4Vectors’:

    first, intersect, rename, setdiff, setequal, union

The following objects are masked from ‘package:BiocGenerics’:

    combine, intersect, setdiff, union

The following objects are masked from ‘package:stats’:

    filter, lag

The following objects are masked from ‘package:base’:

    intersect, setdiff, setequal, union

Loading required package: tidyr

Attaching package: ‘tidyr’

The following object is masked from ‘package:S4Vectors’:

    expand

Loading required package: tibble
Loading required package: reshape2

Attaching package: ‘reshape2’

The following object is masked from ‘package:tidyr’:

    smiths

Loading required package: Seurat
Attaching SeuratObject
Seurat v4 was just loaded with SeuratObject v5; disabling v5 assays and
validation routines, and ensuring assays work in strict v3/v4
compatibility mode
Loading required package: glmGamPoi

Attaching package: ‘glmGamPoi’

The following object is masked from ‘package:dplyr’:

    vars

The following object is masked from ‘package:ggplot2’:

    vars

Loading required package: devil

Attaching package: ‘devil’

The following object is masked from ‘package:glmGamPoi’:

    test_de

Loading required package: nebula
                       ChIPseeker TxDb.Hsapiens.UCSC.hg38.knownGene 
                             TRUE                              TRUE 
                          ggplot2                             dplyr 
                             TRUE                              TRUE 
                            tidyr                            tibble 
                             TRUE                              TRUE 
                         reshape2                            Seurat 
                             TRUE                              TRUE 
                        glmGamPoi                             devil 
                             TRUE                              TRUE 
                           nebula 
                             TRUE 
>> preparing features information...		 2024-06-09 13:10:50 
>> identifying nearest features...		 2024-06-09 13:10:52 
>> calculating distance from peak to TSS...	 2024-06-09 13:11:00 
>> assigning genomic annotation...		 2024-06-09 13:11:00 
>> adding gene annotation...			 2024-06-09 13:11:30 
Loading required package: org.Hs.eg.db

'select()' returned 1:many mapping between keys and columns
>> assigning chromosome lengths			 2024-06-09 13:11:31 
>> done...					 2024-06-09 13:11:31 
Warning message:
In asMethod(object) :
  sparse->dense coercion: allocating vector of size 22.9 GiB
start initial parameter estiamte
start shrink dispersion parameter
start optimize parameter estimates
slurmstepd: error: _cgroup_procs_check: failed on path /sys/fs/cgroup/memory/slurm/uid_6716/job_12386812/step_batch/cgroup.procs: No such file or directory
slurmstepd: error: unable to read '/sys/fs/cgroup/memory/slurm/uid_6716/job_12386812/step_batch/cgroup.procs'
