INFO: localdir at /localscratch/12322410.g.santacatterina
INFO: your job will run on local system.
Loading required package: devil
Loading required package: glmGamPoi

Attaching package: ‘glmGamPoi’

The following object is masked from ‘package:devil’:

    test_de

Loading required package: nebula
Loading required package: TENxPBMCData
Loading required package: SingleCellExperiment
Loading required package: SummarizedExperiment
Loading required package: MatrixGenerics
Loading required package: matrixStats

Attaching package: ‘MatrixGenerics’

The following objects are masked from ‘package:matrixStats’:

    colAlls, colAnyNAs, colAnys, colAvgsPerRowSet, colCollapse,
    colCounts, colCummaxs, colCummins, colCumprods, colCumsums,
    colDiffs, colIQRDiffs, colIQRs, colLogSumExps, colMadDiffs,
    colMads, colMaxs, colMeans2, colMedians, colMins, colOrderStats,
    colProds, colQuantiles, colRanges, colRanks, colSdDiffs, colSds,
    colSums2, colTabulates, colVarDiffs, colVars, colWeightedMads,
    colWeightedMeans, colWeightedMedians, colWeightedSds,
    colWeightedVars, rowAlls, rowAnyNAs, rowAnys, rowAvgsPerColSet,
    rowCollapse, rowCounts, rowCummaxs, rowCummins, rowCumprods,
    rowCumsums, rowDiffs, rowIQRDiffs, rowIQRs, rowLogSumExps,
    rowMadDiffs, rowMads, rowMaxs, rowMeans2, rowMedians, rowMins,
    rowOrderStats, rowProds, rowQuantiles, rowRanges, rowRanks,
    rowSdDiffs, rowSds, rowSums2, rowTabulates, rowVarDiffs, rowVars,
    rowWeightedMads, rowWeightedMeans, rowWeightedMedians,
    rowWeightedSds, rowWeightedVars

Loading required package: GenomicRanges
Loading required package: stats4
Loading required package: BiocGenerics

Attaching package: ‘BiocGenerics’

The following objects are masked from ‘package:stats’:

    IQR, mad, sd, var, xtabs

The following objects are masked from ‘package:base’:

    anyDuplicated, aperm, append, as.data.frame, basename, cbind,
    colnames, dirname, do.call, duplicated, eval, evalq, Filter, Find,
    get, grep, grepl, intersect, is.unsorted, lapply, Map, mapply,
    match, mget, order, paste, pmax, pmax.int, pmin, pmin.int,
    Position, rank, rbind, Reduce, rownames, sapply, setdiff, sort,
    table, tapply, union, unique, unsplit, which.max, which.min

Loading required package: S4Vectors

Attaching package: ‘S4Vectors’

The following objects are masked from ‘package:base’:

    expand.grid, I, unname

Loading required package: IRanges
Loading required package: GenomeInfoDb
Loading required package: Biobase
Welcome to Bioconductor

    Vignettes contain introductory material; view with
    'browseVignettes()'. To cite Bioconductor, see
    'citation("Biobase")', and for packages 'citation("pkgname")'.


Attaching package: ‘Biobase’

The following object is masked from ‘package:MatrixGenerics’:

    rowMedians

The following objects are masked from ‘package:matrixStats’:

    anyMissing, rowMedians

Loading required package: HDF5Array
Loading required package: DelayedArray
Loading required package: Matrix

Attaching package: ‘Matrix’

The following object is masked from ‘package:S4Vectors’:

    expand


Attaching package: ‘DelayedArray’

The following objects are masked from ‘package:base’:

    apply, rowsum, scale, sweep

Loading required package: rhdf5

Attaching package: ‘HDF5Array’

The following object is masked from ‘package:rhdf5’:

    h5ls

Loading required package: foreach
Loading required package: future
Loading required package: rngtools
Loading required package: magrittr

Attaching package: ‘magrittr’

The following object is masked from ‘package:GenomicRanges’:

    subtract

Warning message:
In asMethod(object) :
  sparse->dense coercion: allocating vector of size 23.0 GiB
[1] 13985 91921
[1] 0.1
Remove  5  genes having low expression.
Analyzing  13980  genes with  1  subjects and  9192  cells.
Remove  5  genes having low expression.
Analyzing  13980  genes with  1  subjects and  9192  cells.
Remove  5  genes having low expression.
Analyzing  13980  genes with  1  subjects and  9192  cells.
Remove  5  genes having low expression.
Analyzing  13980  genes with  1  subjects and  9192  cells.
[1] 0.25
Remove  7  genes having low expression.
Analyzing  13978  genes with  1  subjects and  22980  cells.
Remove  7  genes having low expression.
Analyzing  13978  genes with  1  subjects and  22980  cells.
Remove  7  genes having low expression.
Analyzing  13978  genes with  1  subjects and  22980  cells.
Remove  7  genes having low expression.
Analyzing  13978  genes with  1  subjects and  22980  cells.
[1] 0.5
Remove  1  genes having low expression.
Analyzing  13984  genes with  1  subjects and  45960  cells.
Remove  1  genes having low expression.
Analyzing  13984  genes with  1  subjects and  45960  cells.
Remove  1  genes having low expression.
Analyzing  13984  genes with  1  subjects and  45960  cells.
Remove  1  genes having low expression.
Analyzing  13984  genes with  1  subjects and  45960  cells.
[1] 0.75
Remove  0  genes having low expression.
Analyzing  13985  genes with  1  subjects and  68940  cells.
Remove  0  genes having low expression.
Analyzing  13985  genes with  1  subjects and  68940  cells.
Remove  0  genes having low expression.
Analyzing  13985  genes with  1  subjects and  68940  cells.
Remove  0  genes having low expression.
Analyzing  13985  genes with  1  subjects and  68940  cells.
[1] 1
Remove  0  genes having low expression.
Analyzing  13985  genes with  1  subjects and  91921  cells.
Remove  0  genes having low expression.
Analyzing  13985  genes with  1  subjects and  91921  cells.
Remove  0  genes having low expression.
Analyzing  13985  genes with  1  subjects and  91921  cells.
Remove  0  genes having low expression.
Analyzing  13985  genes with  1  subjects and  91921  cells.
There were 50 or more warnings (use warnings() to see the first 50)
slurmstepd: error: _cgroup_procs_check: failed on path /sys/fs/cgroup/memory/slurm/uid_6716/job_12322410/step_batch/cgroup.procs: No such file or directory
slurmstepd: error: unable to read '/sys/fs/cgroup/memory/slurm/uid_6716/job_12322410/step_batch/cgroup.procs'
